<?xml version="1.0" encoding="UTF-8"?>
<!-- Generated by org.testng.reporters.JUnitReportReporter -->
<testsuite hostname="VinothJoghee" failures="0" tests="1" name="vjPractise.tests.RegisteringNewUser" time="15.399" errors="0" timestamp="2024-02-10T13:32:50 IST" skipped="0">
  <testcase classname="vjPractise.tests.RegisteringNewUser" name="registerUser" time="15.399"/>
</testsuite> <!-- vjPractise.tests.RegisteringNewUser -->
