<?xml version="1.0" encoding="UTF-8"?>
<!-- Generated by org.testng.reporters.JUnitReportReporter -->
<testsuite hostname="VinothJoghee" failures="0" tests="2" name="vjPractise.tests.SubmitorderTest" time="40.033" errors="0" timestamp="2024-02-05T15:46:01 IST" skipped="0">
  <testcase classname="vjPractise.tests.SubmitorderTest" name="SubmitOrder" time="19.411"/>
  <testcase classname="vjPractise.tests.SubmitorderTest" name="SubmitOrder" time="20.622"/>
</testsuite> <!-- vjPractise.tests.SubmitorderTest -->
