<?xml version="1.0" encoding="UTF-8"?>
<!-- Generated by org.testng.reporters.JUnitReportReporter -->
<testsuite hostname="VinothJoghee" failures="0" tests="3" name="vjPractise.tests.ErrorValidations" time="37.458" errors="0" timestamp="2024-02-06T18:55:07 IST" skipped="0">
  <testcase classname="vjPractise.tests.ErrorValidations" name="EmailValidation" time="11.902"/>
  <testcase classname="vjPractise.tests.ErrorValidations" name="PwdValidation" time="12.014"/>
  <testcase classname="vjPractise.tests.ErrorValidations" name="loginErrorValidation" time="13.542"/>
</testsuite> <!-- vjPractise.tests.ErrorValidations -->
