<?xml version="1.0" encoding="UTF-8"?>
<!-- Generated by org.testng.reporters.JUnitReportReporter -->
<testsuite hostname="VinothJoghee" failures="0" tests="3" name="vjPractise.tests.ErrorValidations" time="37.599" errors="0" timestamp="2024-02-08T22:44:30 IST" skipped="0">
  <testcase classname="vjPractise.tests.ErrorValidations" name="PwdValidation" time="9.737"/>
  <testcase classname="vjPractise.tests.ErrorValidations" name="EmailValidation" time="17.403"/>
  <testcase classname="vjPractise.tests.ErrorValidations" name="loginErrorValidation" time="10.459"/>
</testsuite> <!-- vjPractise.tests.ErrorValidations -->
