<?xml version="1.0" encoding="UTF-8"?>
<!-- Generated by org.testng.reporters.JUnitReportReporter -->
<testsuite hostname="VinothJoghee" failures="0" tests="2" name="vjPractise.tests.SubmitorderTest" time="71.455" errors="0" timestamp="2024-02-05T22:32:49 IST" skipped="0">
  <testcase classname="vjPractise.tests.SubmitorderTest" name="SubmitOrder" time="22.017"/>
  <testcase classname="vjPractise.tests.SubmitorderTest" name="SubmitOrder" time="49.438"/>
</testsuite> <!-- vjPractise.tests.SubmitorderTest -->
